2024-12-27 11:19:02:192 [31merror[39m: [31mApplication Error column "google_id" does not exist[39m
2024-12-27 11:19:15:1915 [31merror[39m: [31mApplication Error column "google_id" does not exist[39m
2024-12-27 11:19:26:1926 [31merror[39m: [31mApplication Error column "google_id" does not exist[39m
2024-12-27 12:03:03:33 [31merror[39m: [31mApplication Error column "google_id" does not exist[39m
2024-12-27 12:03:29:329 [31merror[39m: [31mApplication Error column "google_id" does not exist[39m
2024-12-27 12:03:38:338 [31merror[39m: [31mApplication Error column "google_id" does not exist[39m
2024-12-27 12:31:32:3132 [31merror[39m: [31mApplication Error column "google_id" does not exist[39m
2024-12-27 12:31:34:3134 [31merror[39m: [31mApplication Error column "google_id" does not exist[39m
2024-12-27 12:31:44:3144 [31merror[39m: [31mApplication Error column "google_id" does not exist[39m
2024-12-27 12:58:40:5840 [31merror[39m: [31mApplication Error column "google_id" does not exist[39m
2024-12-27 13:15:23:1523 [31merror[39m: [31mApplication Error column "google_id" does not exist[39m
2024-12-27 13:15:30:1530 [31merror[39m: [31mApplication Error column "google_id" does not exist[39m
2024-12-27 14:36:24:3624 [31merror[39m: [31mApplication Error Missing credentials for "PLAIN"[39m
2024-12-27 15:48:39:4839 [31merror[39m: [31mError fetching lessons: There is not enough information to infer relation "lessons.progress"[39m
2024-12-27 15:48:39:4839 [31merror[39m: [31mError fetching progress: column "language_proficiency" does not exist[39m
2024-12-27 15:48:39:4839 [31merror[39m: [31mError fetching detailed progress: column "language_proficiency" does not exist[39m
2024-12-27 15:48:39:4839 [31merror[39m: [31mError fetching user stats: column "language_proficiency" does not exist[39m
2024-12-27 15:48:57:4857 [31merror[39m: [31mError fetching lessons: There is not enough information to infer relation "lessons.progress"[39m
2024-12-27 15:57:20:5720 [31merror[39m: [31mError fetching lessons: There is not enough information to infer relation "lessons.progress"[39m
2024-12-27 15:57:20:5720 [31merror[39m: [31mError fetching progress: column "language_proficiency" does not exist[39m
2024-12-27 15:57:21:5721 [31merror[39m: [31mError fetching detailed progress: column "language_proficiency" does not exist[39m
2024-12-27 15:57:21:5721 [31merror[39m: [31mError fetching user stats: column "language_proficiency" does not exist[39m
2024-12-27 15:57:29:5729 [31merror[39m: [31mError fetching lessons: There is not enough information to infer relation "lessons.progress"[39m
2024-12-27 16:04:40:440 [31merror[39m: [31mError fetching progress: column "language_proficiency" does not exist[39m
2024-12-27 16:04:40:440 [31merror[39m: [31mError fetching detailed progress: column "language_proficiency" does not exist[39m
2024-12-27 16:04:41:441 [31merror[39m: [31mError fetching user stats: column "language_proficiency" does not exist[39m
2024-12-27 16:05:48:548 [31merror[39m: [31mError fetching detailed progress: column "language_proficiency" does not exist[39m
2024-12-27 16:06:04:64 [31merror[39m: [31mError fetching detailed progress: column "language_proficiency" does not exist[39m
2024-12-27 16:06:06:66 [31merror[39m: [31mError fetching user stats: column "language_proficiency" does not exist[39m
2024-12-27 16:24:07:247 [31merror[39m: [31mError fetching progress: column "language_proficiency" does not exist[39m
2024-12-27 16:24:07:247 [31merror[39m: [31mError fetching detailed progress: column "language_proficiency" does not exist[39m
2024-12-27 16:24:08:248 [31merror[39m: [31mError fetching user stats: column "language_proficiency" does not exist[39m
2024-12-27 23:25:00:250 [31merror[39m: [31mError fetching progress: column "lesson_id" does not exist[39m
2024-12-27 23:25:00:250 [31merror[39m: [31mError fetching detailed progress: column language_progress.lesson_id does not exist[39m
2024-12-27 23:25:01:251 [31merror[39m: [31mError fetching user stats: column "lesson_id" does not exist[39m
2024-12-27 23:25:19:2519 [31merror[39m: [31mError fetching user stats: column "lesson_id" does not exist[39m
2024-12-27 23:25:26:2526 [31merror[39m: [31mError fetching detailed progress: column language_progress.lesson_id does not exist[39m
2024-12-27 23:25:26:2526 [31merror[39m: [31mError fetching progress: column "lesson_id" does not exist[39m
2024-12-27 23:25:27:2527 [31merror[39m: [31mError fetching user stats: column "lesson_id" does not exist[39m
2024-12-27 23:30:22:3022 [31merror[39m: [31mError fetching detailed progress: column language_progress.lesson_id does not exist[39m
2024-12-27 23:30:22:3022 [31merror[39m: [31mError fetching progress: column "lesson_id" does not exist[39m
2024-12-27 23:30:22:3022 [31merror[39m: [31mError fetching user stats: column "lesson_id" does not exist[39m
2024-12-27 23:30:26:3026 [31merror[39m: [31mError updating user language: supportedLanguages is not defined[39m
2024-12-27 23:30:30:3030 [31merror[39m: [31mError updating user language: supportedLanguages is not defined[39m
2024-12-27 23:30:33:3033 [31merror[39m: [31mError updating user language: supportedLanguages is not defined[39m
2024-12-27 23:30:37:3037 [31merror[39m: [31mError updating user language: supportedLanguages is not defined[39m
2024-12-27 23:30:41:3041 [31merror[39m: [31mError updating user language: supportedLanguages is not defined[39m
2024-12-27 23:30:48:3048 [31merror[39m: [31mError updating user language: supportedLanguages is not defined[39m
2024-12-27 23:31:13:3113 [31merror[39m: [31mError updating user language: supportedLanguages is not defined[39m
2024-12-27 23:31:15:3115 [31merror[39m: [31mError updating user language: supportedLanguages is not defined[39m
2024-12-27 23:31:22:3122 [31merror[39m: [31mError updating user language: supportedLanguages is not defined[39m
2024-12-27 23:31:22:3122 [31merror[39m: [31mError updating user language: supportedLanguages is not defined[39m
2024-12-27 23:40:55:4055 [31merror[39m: [31mError fetching detailed progress: column language_progress.lesson_id does not exist[39m
2024-12-27 23:40:55:4055 [31merror[39m: [31mError fetching progress: column "lesson_id" does not exist[39m
2024-12-27 23:40:55:4055 [31merror[39m: [31mError fetching user stats: column "lesson_id" does not exist[39m
2024-12-27 23:41:21:4121 [31merror[39m: [31mError updating user language: supportedLanguages is not defined[39m
2024-12-27 23:41:24:4124 [31merror[39m: [31mError updating user language: supportedLanguages is not defined[39m
2024-12-27 23:41:30:4130 [31merror[39m: [31mError updating user language: supportedLanguages is not defined[39m
2024-12-27 23:41:32:4132 [31merror[39m: [31mError updating user language: supportedLanguages is not defined[39m
2024-12-27 23:44:28:4428 [31merror[39m: [31mError fetching detailed progress: column language_progress.lesson_id does not exist[39m
2024-12-27 23:44:28:4428 [31merror[39m: [31mError fetching progress: column "lesson_id" does not exist[39m
2024-12-27 23:44:29:4429 [31merror[39m: [31mError fetching user stats: column "lesson_id" does not exist[39m
2024-12-27 23:44:32:4432 [31merror[39m: [31mError updating user language: column "lesson_id" does not exist[39m
2024-12-27 23:44:36:4436 [31merror[39m: [31mError updating user language: column "lesson_id" does not exist[39m
2024-12-27 23:47:58:4758 [31merror[39m: [31mError fetching detailed progress: column language_progress.lesson_id does not exist[39m
2024-12-27 23:47:58:4758 [31merror[39m: [31mError fetching progress: column "lesson_id" does not exist[39m
2024-12-27 23:47:58:4758 [31merror[39m: [31mError fetching user stats: column "lesson_id" does not exist[39m
2024-12-27 23:48:06:486 [31merror[39m: [31mError fetching user stats: column "lesson_id" does not exist[39m
2024-12-27 23:48:10:4810 [31merror[39m: [31mError updating user language: column "lesson_id" does not exist[39m
2024-12-27 23:48:15:4815 [31merror[39m: [31mError updating user language: column "lesson_id" does not exist[39m
2024-12-27 23:48:27:4827 [31merror[39m: [31mError updating user language: column "lesson_id" does not exist[39m
2024-12-27 23:48:35:4835 [31merror[39m: [31mError updating user language: column "lesson_id" does not exist[39m
